<?xml version="1.0" encoding="UTF-8"?>
<testsuite xmlns:xsi="http://www.w3.org/2001/XMLSchema-instance" xsi:noNamespaceSchemaLocation="https://maven.apache.org/surefire/maven-surefire-plugin/xsd/surefire-test-report.xsd" name="com.tata.duoc.HerreraRodrigo.test.GetAllClientsTest" time="6.827" tests="2" errors="0" skipped="0" failures="0">
  <properties>
[...]
</properties>
  <testcase name="cuandoGetAllClientsWithDataEntoncesSize3" classname="com.tata.duoc.HerreraRodrigo.test.GetAllClientsTest" time="0.589"/>
  <testcase name="cuandoGetAllClientesWithOutDataEntoncesReturnFalse" classname="com.tata.duoc.HerreraRodrigo.test.GetAllClientsTest" time="0.032"/>
</testsuite>